08.Android-APP/V1.0.00.1/Multiscreen/proguard/seeds.txt
com.bbcvision.Multiscreen.R$anim: int abc_fade_in
com.bbcvision.Multiscreen.R$anim: int abc_fade_out
com.bbcvision.Multiscreen.R$anim: int abc_slide_in_bottom
com.bbcvision.Multiscreen.R$anim: int abc_slide_in_top
com.bbcvision.Multiscreen.R$anim: int abc_slide_out_bottom
com.bbcvision.Multiscreen.R$anim: int abc_slide_out_top
com.bbcvision.Multiscreen.R$attr: int actionBarDivider
com.bbcvision.Multiscreen.R$attr: int actionBarItemBackground
com.bbcvision.Multiscreen.R$attr: int actionBarSize
com.bbcvision.Multiscreen.R$attr: int actionBarSplitStyle
com.bbcvision.Multiscreen.R$attr: int actionBarStyle
com.bbcvision.Multiscreen.R$attr: int actionBarTabBarStyle
com.bbcvision.Multiscreen.R$attr: int actionBarTabStyle
com.bbcvision.Multiscreen.R$attr: int actionBarTabTextStyle
com.bbcvision.Multiscreen.R$attr: int actionBarWidgetTheme
com.bbcvision.Multiscreen.R$attr: int actionButtonStyle
com.bbcvision.Multiscreen.R$attr: int actionDropDownStyle
com.bbcvision.Multiscreen.R$attr: int actionLayout
com.bbcvision.Multiscreen.R$attr: int actionMenuTextAppearance
com.bbcvision.Multiscreen.R$attr: int actionMenuTextColor
com.bbcvision.Multiscreen.R$attr: int actionModeBackground
com.bbcvision.Multiscreen.R$attr: int actionModeCloseButtonStyle
com.bbcvision.Multiscreen.R$attr: int actionModeCloseDrawable
com.bbcvision.Multiscreen.R$attr: int actionModeCopyDrawable
com.bbcvision.Multiscreen.R$attr: int actionModeCutDrawable
com.bbcvision.Multiscreen.R$attr: int actionModeFindDrawable
com.bbcvision.Multiscreen.R$attr: int actionModePasteDrawable
com.bbcvision.Multiscreen.R$attr: int actionModePopupWindowStyle
com.bbcvision.Multiscreen.R$attr: int actionModeSelectAllDrawable
com.bbcvision.Multiscreen.R$attr: int actionModeShareDrawable
com.bbcvision.Multiscreen.R$bool: int abc_action_bar_embed_tabs_pre_jb
com.bbcvision.Multiscreen.R$bool: int abc_action_bar_expanded_action_views_exclusive
com.bbcvision.Multiscreen.R$bool: int abc_config_actionMenuItemAllCaps
com.bbcvision.Multiscreen.R$bool: int abc_config_allowActionMenuItemTextWithIcon
com.bbcvision.Multiscreen.R$bool: int abc_config_showMenuShortcutsWhenKeyboardPresent
com.bbcvision.Multiscreen.R$bool: int abc_split_action_bar_is_narrow
com.bbcvision.Multiscreen.R$color: int abc_search_url_text_holo
com.bbcvision.Multiscreen.R$color: int abc_search_url_text_normal
com.bbcvision.Multiscreen.R$color: int abc_search_url_text_pressed
com.bbcvision.Multiscreen.R$color: int abc_search_url_text_selected
com.bbcvision.Multiscreen.R$color: int blue
com.bbcvision.Multiscreen.R$color: int contents_text
com.bbcvision.Multiscreen.R$color: int encode_view
com.bbcvision.Multiscreen.R$color: int gray
com.bbcvision.Multiscreen.R$color: int green
com.bbcvision.Multiscreen.R$color: int lightgreen
com.bbcvision.Multiscreen.R$color: int possible_result_points
com.bbcvision.Multiscreen.R$color: int result_minor_text
com.bbcvision.Multiscreen.R$color: int result_points
com.bbcvision.Multiscreen.R$color: int result_text
com.bbcvision.Multiscreen.R$color: int result_view
com.bbcvision.Multiscreen.R$color: int status_text
com.bbcvision.Multiscreen.R$color: int transparent
com.bbcvision.Multiscreen.R$color: int viewfinder_laser
com.bbcvision.Multiscreen.R$color: int viewfinder_mask
com.bbcvision.Multiscreen.R$color: int white
...
android.support.v7.internal.widget.ScrollingTabContainerView: void setAllowCollapse(boolean)
android.support.v7.internal.widget.ScrollingTabContainerView: void setTabSelected(int)
android.support.v7.internal.widget.ScrollingTabContainerView: void setContentHeight(int)
android.support.v7.internal.widget.ScrollingTabContainerView$TabView
android.support.v7.internal.widget.ScrollingTabContainerView$TabView: ScrollingTabContainerView$TabView(android.content.Context,android.util.AttributeSet)
android.support.v7.internal.widget.ScrollingTabContainerView$TabView: android.support.v7.app.ActionBar$Tab getTab()
android.support.v7.widget.SearchView: void setSearchableInfo(android.app.SearchableInfo)
android.support.v7.widget.SearchView: void setAppSearchData(android.os.Bundle)
android.support.v7.widget.SearchView: void setImeOptions(int)
android.support.v7.widget.SearchView: int getImeOptions()
android.support.v7.widget.SearchView: void setInputType(int)
android.support.v7.widget.SearchView: int getInputType()
android.support.v7.widget.SearchView: void setOnQueryTextListener(android.support.v7.widget.SearchView$OnQueryTextListener)
android.support.v7.widget.SearchView: void setOnCloseListener(android.support.v7.widget.SearchView$OnCloseListener)
android.support.v7.widget.SearchView: void setOnQueryTextFocusChangeListener(android.view.View$OnFocusChangeListener)
android.support.v7.widget.SearchView: void setOnSuggestionListener(android.support.v7.widget.SearchView$OnSuggestionListener)
android.support.v7.widget.SearchView: void setOnSearchClickListener(android.view.View$OnClickListener)
android.support.v7.widget.SearchView: java.lang.CharSequence getQuery()
android.support.v7.widget.SearchView: void setQueryHint(java.lang.CharSequence)
android.support.v7.widget.SearchView: java.lang.CharSequence getQueryHint()
android.support.v7.widget.SearchView: void setIconifiedByDefault(boolean)
android.support.v7.widget.SearchView: void setIconified(boolean)
android.support.v7.widget.SearchView: void setSubmitButtonEnabled(boolean)
android.support.v7.widget.SearchView$SearchAutoComplete
android.support.v7.widget.SearchView$SearchAutoComplete: SearchView$SearchAutoComplete(android.content.Context)
android.support.v7.widget.SearchView$SearchAutoComplete: SearchView$SearchAutoComplete(android.content.Context,android.util.AttributeSet)
android.support.v7.widget.SearchView$SearchAutoComplete: SearchView$SearchAutoComplete(android.content.Context,android.util.AttributeSet,int)
android.support.v7.widget.SearchView$SearchAutoComplete: void setSearchView(android.support.v7.widget.SearchView)
android.support.v7.widget.SearchView$SearchAutoComplete: void setThreshold(int)
com.bbcvision.zxingdemonew.CaptureActivity
com.bbcvision.zxingdemonew.CaptureActivity: CaptureActivity()
com.bbcvision.zxingdemonew.zxing.decoding.CaptureActivityHandler$State: com.bbcvision.zxingdemonew.zxing.decoding.CaptureActivityHandler$State[] values()
com.bbcvision.zxingdemonew.zxing.decoding.CaptureActivityHandler$State: com.bbcvision.zxingdemonew.zxing.decoding.CaptureActivityHandler$State valueOf(java.lang.String)
com.bbcvision.zxingdemonew.zxing.view.ViewfinderView
com.bbcvision.zxingdemonew.zxing.view.ViewfinderView: ViewfinderView(android.content.Context,android.util.AttributeSet)
com.google.gson.FieldNamingPolicy: com.google.gson.FieldNamingPolicy[] values()
com.google.gson.FieldNamingPolicy: com.google.gson.FieldNamingPolicy valueOf(java.lang.String)
com.google.gson.LongSerializationPolicy: com.google.gson.LongSerializationPolicy[] values()
com.google.gson.LongSerializationPolicy: com.google.gson.LongSerializationPolicy valueOf(java.lang.String)
com.google.gson.annotations.Expose
com.google.gson.annotations.Expose: boolean serialize()
com.google.gson.annotations.Expose: boolean deserialize()
com.google.gson.annotations.SerializedName
com.google.gson.annotations.SerializedName: java.lang.String value()