08.Android-APP/V1.0.00.1/Multiscreen/proguard/mapping.txt
com.bbcvision.Multiscreen.activity.AboutActivity -> com.bbcvision.Multiscreen.activity.AboutActivity:
    void initView() -> a
com.bbcvision.Multiscreen.activity.BaseActivity -> com.bbcvision.Multiscreen.activity.BaseActivity:
    com.bbcvision.Multiscreen.activity.BaseActivity mForegroundActivity -> c
    java.util.List mActivities -> d
    android.content.SharedPreferences sp -> a
    com.bbcvision.Multiscreen.netservices.RESTService restService -> b
    void onCreate(android.os.Bundle) -> onCreate
    void onResume() -> onResume
    void onPause() -> onPause
    void init() -> b
    void initView() -> a
    void initActionBar() -> c
    com.bbcvision.Multiscreen.activity.BaseActivity getForegroundActivity() -> d
com.bbcvision.Multiscreen.activity.GuideActivity -> com.bbcvision.Multiscreen.activity.GuideActivity:
    android.widget.Button button -> c
    void initView() -> a
com.bbcvision.Multiscreen.activity.GuideActivity$1 -> com.bbcvision.Multiscreen.activity.a:
    com.bbcvision.Multiscreen.activity.GuideActivity this$0 -> a
    void onPageSelected(int) -> a
    void onPageScrolled(int,float,int) -> a
    void onPageScrollStateChanged(int) -> b
com.bbcvision.Multiscreen.activity.GuideActivity$2 -> com.bbcvision.Multiscreen.activity.b:
    com.bbcvision.Multiscreen.activity.GuideActivity this$0 -> a
    void onClick(android.view.View) -> onClick
com.bbcvision.Multiscreen.activity.GuideActivity$ViewPagerAdapter -> com.bbcvision.Multiscreen.activity.c:
    java.util.List pages -> b
    com.bbcvision.Multiscreen.activity.GuideActivity this$0 -> a
    void destroyItem(android.view.ViewGroup,int,java.lang.Object) -> a
    java.lang.Object instantiateItem(android.view.ViewGroup,int) -> a
    int getCount() -> b
    boolean isViewFromObject(android.view.View,java.lang.Object) -> a
com.bbcvision.Multiscreen.activity.HelpActivity -> com.bbcvision.Multiscreen.activity.HelpActivity:
    void initView() -> a
com.bbcvision.Multiscreen.activity.HomeActivity2 -> com.bbcvision.Multiscreen.activity.HomeActivity2:
    com.bbcvision.Multiscreen.bean.UserLoginInfo userLoginInfo -> o
    com.jeremyfeinstein.slidingmenu.lib.SlidingMenu sm -> p
    com.bbcvision.Multiscreen.fragments.MenuFragment menu -> q
    long firstBackTime -> r
    com.bbcvision.Multiscreen.fragments.HomeFragment homeFragment -> n
    void onCreate(android.os.Bundle) -> onCreate
    void homePage() -> h
    void slidingMenu() -> i
    void onBackPressed() -> onBackPressed
    boolean onCreateOptionsMenu(android.view.Menu) -> onCreateOptionsMenu
    boolean onOptionsItemSelected(android.view.MenuItem) -> onOptionsItemSelected
    boolean onKeyDown(int,android.view.KeyEvent) -> onKeyDown
    void access$0(com.bbcvision.Multiscreen.activity.HomeActivity2,long) -> a
com.bbcvision.Multiscreen.activity.HomeActivity2$1 -> com.bbcvision.Multiscreen.activity.d:
    com.bbcvision.Multiscreen.activity.HomeActivity2 this$0 -> a
    void run() -> run
...
com.lidroid.xutils.http.client.HttpRequest$HttpMethod -> com.lidroid.xutils.c.b.d:
    com.lidroid.xutils.http.client.HttpRequest$HttpMethod GET -> a
    com.lidroid.xutils.http.client.HttpRequest$HttpMethod POST -> b
    com.lidroid.xutils.http.client.HttpRequest$HttpMethod PUT -> c
    com.lidroid.xutils.http.client.HttpRequest$HttpMethod HEAD -> d
    com.lidroid.xutils.http.client.HttpRequest$HttpMethod MOVE -> e
    com.lidroid.xutils.http.client.HttpRequest$HttpMethod COPY -> f
    com.lidroid.xutils.http.client.HttpRequest$HttpMethod DELETE -> g
    com.lidroid.xutils.http.client.HttpRequest$HttpMethod OPTIONS -> h
    com.lidroid.xutils.http.client.HttpRequest$HttpMethod TRACE -> i
    com.lidroid.xutils.http.client.HttpRequest$HttpMethod CONNECT -> j
    java.lang.String value -> k
    com.lidroid.xutils.http.client.HttpRequest$HttpMethod[] ENUM$VALUES -> l
    java.lang.String toString() -> toString
    com.lidroid.xutils.http.client.HttpRequest$HttpMethod[] values() -> values
    com.lidroid.xutils.http.client.HttpRequest$HttpMethod valueOf(java.lang.String) -> valueOf
com.lidroid.xutils.http.client.RetryHandler -> com.lidroid.xutils.c.b.e:
    java.util.HashSet exceptionWhiteList -> a
    java.util.HashSet exceptionBlackList -> b
    int maxRetries -> c
    boolean retryRequest(java.io.IOException,int,org.apache.http.protocol.HttpContext) -> retryRequest
com.lidroid.xutils.http.client.entity.BodyParamsEntity -> com.lidroid.xutils.c.b.a.a:
    byte[] content -> a
    boolean dirty -> b
    java.lang.String charset -> c
    java.util.List params -> d
    void refreshContent() -> a
    boolean isRepeatable() -> isRepeatable
    long getContentLength() -> getContentLength
    java.io.InputStream getContent() -> getContent
    void writeTo(java.io.OutputStream) -> writeTo
    boolean isStreaming() -> isStreaming
    java.lang.Object clone() -> clone
com.lidroid.xutils.http.client.entity.DecompressingEntity -> com.lidroid.xutils.c.b.a.b:
    java.io.InputStream content -> a
    long uncompressedLength -> b
    long uploadedSize -> c
    com.lidroid.xutils.http.callback.RequestCallBackHandler callBackHandler -> d
    java.io.InputStream decorate(java.io.InputStream) -> a
    java.io.InputStream getDecompressingStream() -> a
    java.io.InputStream getContent() -> getContent
    long getContentLength() -> getContentLength
    void writeTo(java.io.OutputStream) -> writeTo
    void setCallBackHandler(com.lidroid.xutils.http.callback.RequestCallBackHandler) -> a
com.lidroid.xutils.http.client.entity.GZipDecompressingEntity -> com.lidroid.xutils.c.b.a.c:
    java.io.InputStream decorate(java.io.InputStream) -> a
    org.apache.http.Header getContentEncoding() -> getContentEncoding
    long getContentLength() -> getContentLength
    java.io.InputStream getContent() -> getContent
    void setCallBackHandler(com.lidroid.xutils.http.callback.RequestCallBackHandler) -> a
    void writeTo(java.io.OutputStream) -> writeTo
com.lidroid.xutils.http.client.entity.UploadEntity -> com.lidroid.xutils.c.b.a.d:
    void setCallBackHandler(com.lidroid.xutils.http.callback.RequestCallBackHandler) -> a