08.Android-APP/V1.0.00.1/Multiscreen/proguard/usage.txt
com.bbcvision.Multiscreen.BuildConfig
com.bbcvision.Multiscreen.R
com.bbcvision.Multiscreen.R$anim
com.bbcvision.Multiscreen.R$attr
com.bbcvision.Multiscreen.R$bool
com.bbcvision.Multiscreen.R$color
com.bbcvision.Multiscreen.R$dimen
com.bbcvision.Multiscreen.R$drawable
com.bbcvision.Multiscreen.R$id
com.bbcvision.Multiscreen.R$integer
com.bbcvision.Multiscreen.R$layout
com.bbcvision.Multiscreen.R$menu
com.bbcvision.Multiscreen.R$raw
com.bbcvision.Multiscreen.R$string
com.bbcvision.Multiscreen.R$style
com.bbcvision.Multiscreen.R$styleable
com.bbcvision.Multiscreen.activity.AboutActivity:
    private android.widget.TextView tv_update
com.bbcvision.Multiscreen.activity.BaseActivity:
    60:66:public static void finishAll()
    71:78:public static void finishAll(com.bbcvision.Multiscreen.activity.BaseActivity)
    82:82:public static boolean hasActivity()
    93:99:public static com.bbcvision.Multiscreen.activity.BaseActivity getCurrentActivity()
    104:106:public void exitApp()
com.bbcvision.Multiscreen.activity.HomeActivity2:
    private android.widget.ImageButton im_menu
    122:126:public void switchFragment(android.support.v4.app.Fragment)
com.bbcvision.Multiscreen.bean.ChooseTimeInfo
com.bbcvision.Multiscreen.bean.KeySendInfo:
    private java.lang.String cmd
    private java.lang.String sequence
    private java.lang.String current_time
    private java.lang.String total_time
    16:17:public void setMsg(java.lang.String)
    19:19:public java.lang.String getCmd()
    22:23:public void setCmd(java.lang.String)
    25:25:public java.lang.String getSequence()
    28:29:public void setSequence(java.lang.String)
    37:37:public java.lang.String getCurrent_time()
    40:41:public void setCurrent_time(java.lang.String)
    43:43:public java.lang.String getTotal_time()
    46:47:public void setTotal_time(java.lang.String)
    52:53:public void setStatus(java.lang.String)
com.bbcvision.Multiscreen.bean.SessionQueryInfo:
    private java.lang.String cmd
    private java.lang.String message
    private java.lang.String sequence
    10:10:public java.lang.String getCmd()
    13:14:public void setCmd(java.lang.String)
    19:20:public void setStatus(java.lang.String)
    22:22:public java.lang.String getMessage()
    25:26:public void setMessage(java.lang.String)
    34:34:public java.lang.String getSequence()
    37:38:public void setSequence(java.lang.String)
com.bbcvision.Multiscreen.bean.UnBindInfo:
    private java.lang.String cmd
    private java.lang.String sequence
    10:10:public java.lang.String getCmd()
    13:14:public void setCmd(java.lang.String)
    25:26:public void setStatus(java.lang.String)
    31:32:public void setNew_token(java.lang.String)
    34:34:public java.lang.String getSequence()
    37:38:public void setSequence(java.lang.String)
com.bbcvision.Multiscreen.bean.UserBingInfo:
    private java.lang.String sequence
    private java.lang.String cmd
    48:49:public void setChannel_id(java.lang.String)
    56:57:public void setNew_token(java.lang.String)
    64:65:public void setStatus(java.lang.String)
    76:76:public java.lang.String getSequence()
    80:81:public void setSequence(java.lang.String)
    84:84:public java.lang.String getCmd()
    88:89:public void setCmd(java.lang.String)
    96:97:public void setMsg(java.lang.String)
com.bbcvision.Multiscreen.bean.UserLoginInfo:
    private java.lang.String cmd
    private java.lang.String message
    67:67:public java.lang.String getStream_id()
    85:85:public java.lang.String getCmd()
    89:90:public void setCmd(java.lang.String)
    93:93:public java.lang.String getMessage()
    97:98:public void setMessage(java.lang.String)
    121:122:public void setSequence(java.lang.String)
...
android.support.v7.widget.SearchView$6
android.support.v7.widget.SearchView$7
android.support.v7.widget.SearchView$8
android.support.v7.widget.SearchView$9
android.support.v7.widget.SearchView$AutoCompleteTextViewReflector:
    1770:1780:void showSoftInputUnchecked(android.view.inputmethod.InputMethodManager,android.view.View,int)
android.support.v7.widget.SearchView$OnQueryTextListener:
    public abstract boolean onQueryTextSubmit(java.lang.String)
    public abstract boolean onQueryTextChange(java.lang.String)
android.support.v7.widget.SearchView$OnSuggestionListener:
    public abstract boolean onSuggestionSelect(int)
    public abstract boolean onSuggestionClick(int)
android.support.v7.widget.SearchView$SearchAutoComplete:
    1623:1623:private boolean isEmpty()
    1589:1589:static synthetic boolean access$1600(android.support.v7.widget.SearchView$SearchAutoComplete)
android.support.v7.widget.ShareActionProvider
android.support.v7.widget.ShareActionProvider$1
android.support.v7.widget.ShareActionProvider$OnShareTargetSelectedListener
android.support.v7.widget.ShareActionProvider$ShareActivityChooserModelPolicy
android.support.v7.widget.ShareActionProvider$ShareMenuItemOnMenuItemClickListener
android.support.v7.widget.SuggestionsAdapter:
    private static final boolean DBG
    private static final java.lang.String LOG_TAG
    private static final int QUERY_LIMIT
    static final int REFINE_NONE
    static final int REFINE_BY_ENTRY
    static final int REFINE_ALL
    static final int INVALID_INDEX
    124:124:public int getQueryRefinement()
    172:174:public void close()
com.bbcvision.zxingdemonew.CaptureActivity:
    private static final float BEEP_VOLUME
    private static final long VIBRATE_DURATION
com.bbcvision.zxingdemonew.zxing.camera.AutoFocusCallback:
    private static final long AUTOFOCUS_INTERVAL_MS
com.bbcvision.zxingdemonew.zxing.camera.CameraConfigurationManager:
    private static final int TEN_DESIRED_ZOOM
    private static final int DESIRED_SHARPNESS
    288:288:public static int getDesiredSharpness()
com.bbcvision.zxingdemonew.zxing.camera.CameraManager:
    private static final int MIN_FRAME_WIDTH
    private static final int MIN_FRAME_HEIGHT
    private static final int MAX_FRAME_WIDTH
    private static final int MAX_FRAME_HEIGHT
    373:373:public android.content.Context getContext()
com.bbcvision.zxingdemonew.zxing.camera.PlanarYUVLuminanceSource:
    108:108:public boolean isCropSupported()
    112:112:public int getDataWidth()
    116:116:public int getDataHeight()
com.bbcvision.zxingdemonew.zxing.decoding.DecodeFormatManager:
    56:57:private DecodeFormatManager()
    60:66:static java.util.Vector parseDecodeFormats(android.content.Intent)
    71:76:static java.util.Vector parseDecodeFormats(android.net.Uri)
    82:107:private static java.util.Vector parseDecodeFormats(java.lang.Iterable,java.lang.String)
com.bbcvision.zxingdemonew.zxing.decoding.DecodeThread:
    public static final java.lang.String BARCODE_BITMAP
com.bbcvision.zxingdemonew.zxing.decoding.InactivityTimer:
    private static final int INACTIVITY_DELAY_SECONDS
com.bbcvision.zxingdemonew.zxing.decoding.Intents
com.bbcvision.zxingdemonew.zxing.decoding.Intents$Encode
com.bbcvision.zxingdemonew.zxing.decoding.Intents$Scan
com.bbcvision.zxingdemonew.zxing.decoding.Intents$SearchBookContents
com.bbcvision.zxingdemonew.zxing.decoding.Intents$Share
com.bbcvision.zxingdemonew.zxing.decoding.Intents$WifiConnect
com.bbcvision.zxingdemonew.zxing.view.ViewfinderView:
    private static final java.lang.String TAG
    private static final long ANIMATION_DELAY
    private static final int OPAQUE
    138:140:public void drawResultBitmap(android.graphics.Bitmap)
com.google.gson.DefaultDateTypeAdapter